<?xml version="1.0" encoding="UTF-8"?>
<testsuite xmlns:xsi="http://www.w3.org/2001/XMLSchema-instance" xsi:noNamespaceSchemaLocation="https://maven.apache.org/surefire/maven-surefire-plugin/xsd/surefire-test-report.xsd" name="TestSuite" time="10.353" tests="1" errors="0" skipped="0" failures="0">
  <properties>
    <property name="gopherProxySet" value="false"/>
    <property name="awt.toolkit" value="sun.lwawt.macosx.LWCToolkit"/>
    <property name="file.encoding.pkg" value="sun.io"/>
    <property name="java.specification.version" value="1.8"/>
    <property name="sun.cpu.isalist" value=""/>
    <property name="sun.jnu.encoding" value="UTF-8"/>
    <property name="java.class.path" value="/Users/venuarigela/Desktop/pom-automation/target/test-classes:/Users/venuarigela/Desktop/pom-automation/target/classes:/Users/venuarigela/.m2/repository/com/google/inject/guice/3.0/guice-3.0.jar:/Users/venuarigela/.m2/repository/javax/inject/javax.inject/1/javax.inject-1.jar:/Users/venuarigela/.m2/repository/aopalliance/aopalliance/1.0/aopalliance-1.0.jar:/Users/venuarigela/.m2/repository/org/seleniumhq/selenium/selenium-support/3.3.0/selenium-support-3.3.0.jar:/Users/venuarigela/.m2/repository/org/seleniumhq/selenium/selenium-remote-driver/3.3.0/selenium-remote-driver-3.3.0.jar:/Users/venuarigela/.m2/repository/org/seleniumhq/selenium/selenium-api/3.3.0/selenium-api-3.3.0.jar:/Users/venuarigela/.m2/repository/cglib/cglib-nodep/3.2.4/cglib-nodep-3.2.4.jar:/Users/venuarigela/.m2/repository/org/apache/commons/commons-exec/1.3/commons-exec-1.3.jar:/Users/venuarigela/.m2/repository/com/google/code/gson/gson/2.8.0/gson-2.8.0.jar:/Users/venuarigela/.m2/repository/org/apache/httpcomponents/httpclient/4.5.2/httpclient-4.5.2.jar:/Users/venuarigela/.m2/repository/org/apache/httpcomponents/httpcore/4.4.4/httpcore-4.4.4.jar:/Users/venuarigela/.m2/repository/commons-logging/commons-logging/1.2/commons-logging-1.2.jar:/Users/venuarigela/.m2/repository/commons-codec/commons-codec/1.9/commons-codec-1.9.jar:/Users/venuarigela/.m2/repository/net/java/dev/jna/jna-platform/4.1.0/jna-platform-4.1.0.jar:/Users/venuarigela/.m2/repository/net/java/dev/jna/jna/4.1.0/jna-4.1.0.jar:/Users/venuarigela/.m2/repository/org/hamcrest/hamcrest-library/1.3/hamcrest-library-1.3.jar:/Users/venuarigela/.m2/repository/org/hamcrest/hamcrest-core/1.3/hamcrest-core-1.3.jar:/Users/venuarigela/.m2/repository/junit/junit/4.12/junit-4.12.jar:/Users/venuarigela/.m2/repository/org/seleniumhq/selenium/selenium-server/3.3.0/selenium-server-3.3.0.jar:/Users/venuarigela/.m2/repository/org/seleniumhq/selenium/selenium-java/3.3.0/selenium-java-3.3.0.jar:/Users/venuarigela/.m2/repository/org/seleniumhq/selenium/selenium-chrome-driver/3.3.0/selenium-chrome-driver-3.3.0.jar:/Users/venuarigela/.m2/repository/org/seleniumhq/selenium/selenium-edge-driver/3.3.0/selenium-edge-driver-3.3.0.jar:/Users/venuarigela/.m2/repository/org/seleniumhq/selenium/selenium-firefox-driver/3.3.0/selenium-firefox-driver-3.3.0.jar:/Users/venuarigela/.m2/repository/org/seleniumhq/selenium/selenium-ie-driver/3.3.0/selenium-ie-driver-3.3.0.jar:/Users/venuarigela/.m2/repository/org/seleniumhq/selenium/selenium-opera-driver/3.3.0/selenium-opera-driver-3.3.0.jar:/Users/venuarigela/.m2/repository/org/seleniumhq/selenium/selenium-safari-driver/3.3.0/selenium-safari-driver-3.3.0.jar:/Users/venuarigela/.m2/repository/com/codeborne/phantomjsdriver/1.4.0/phantomjsdriver-1.4.0.jar:/Users/venuarigela/.m2/repository/org/seleniumhq/selenium/htmlunit-driver/2.24/htmlunit-driver-2.24.jar:/Users/venuarigela/.m2/repository/net/sourceforge/htmlunit/htmlunit/2.24/htmlunit-2.24.jar:/Users/venuarigela/.m2/repository/xalan/xalan/2.7.2/xalan-2.7.2.jar:/Users/venuarigela/.m2/repository/xalan/serializer/2.7.2/serializer-2.7.2.jar:/Users/venuarigela/.m2/repository/org/apache/commons/commons-lang3/3.5/commons-lang3-3.5.jar:/Users/venuarigela/.m2/repository/org/apache/httpcomponents/httpmime/4.5.2/httpmime-4.5.2.jar:/Users/venuarigela/.m2/repository/net/sourceforge/htmlunit/htmlunit-core-js/2.23/htmlunit-core-js-2.23.jar:/Users/venuarigela/.m2/repository/net/sourceforge/htmlunit/neko-htmlunit/2.24/neko-htmlunit-2.24.jar:/Users/venuarigela/.m2/repository/xerces/xercesImpl/2.11.0/xercesImpl-2.11.0.jar:/Users/venuarigela/.m2/repository/xml-apis/xml-apis/1.4.01/xml-apis-1.4.01.jar:/Users/venuarigela/.m2/repository/net/sourceforge/cssparser/cssparser/0.9.21/cssparser-0.9.21.jar:/Users/venuarigela/.m2/repository/org/w3c/css/sac/1.3/sac-1.3.jar:/Users/venuarigela/.m2/repository/commons-io/commons-io/2.5/commons-io-2.5.jar:/Users/venuarigela/.m2/repository/org/eclipse/jetty/websocket/websocket-client/9.2.20.v20161216/websocket-client-9.2.20.v20161216.jar:/Users/venuarigela/.m2/repository/org/eclipse/jetty/jetty-util/9.2.20.v20161216/jetty-util-9.2.20.v20161216.jar:/Users/venuarigela/.m2/repository/org/eclipse/jetty/jetty-io/9.2.20.v20161216/jetty-io-9.2.20.v20161216.jar:/Users/venuarigela/.m2/repository/org/eclipse/jetty/websocket/websocket-common/9.2.20.v20161216/websocket-common-9.2.20.v20161216.jar:/Users/venuarigela/.m2/repository/org/eclipse/jetty/websocket/websocket-api/9.2.20.v20161216/websocket-api-9.2.20.v20161216.jar:/Users/venuarigela/.m2/repository/com/beust/jcommander/1.48/jcommander-1.48.jar:/Users/venuarigela/.m2/repository/net/jcip/jcip-annotations/1.0/jcip-annotations-1.0.jar:/Users/venuarigela/.m2/repository/org/seleniumhq/selenium/jetty-repacked/9.4.1.v20170120/jetty-repacked-9.4.1.v20170120.jar:/Users/venuarigela/.m2/repository/javax/servlet/javax.servlet-api/3.1.0/javax.servlet-api-3.1.0.jar:/Users/venuarigela/.m2/repository/org/yaml/snakeyaml/1.15/snakeyaml-1.15.jar:/Users/venuarigela/.m2/repository/org/testng/testng/6.8.5/testng-6.8.5.jar:/Users/venuarigela/.m2/repository/org/beanshell/bsh/2.0b4/bsh-2.0b4.jar:/Users/venuarigela/.m2/repository/com/google/guava/guava/21.0/guava-21.0.jar:/Users/venuarigela/.m2/repository/org/uncommons/reportng/1.1.2/reportng-1.1.2.jar:/Users/venuarigela/.m2/repository/velocity/velocity/1.4/velocity-1.4.jar:/Users/venuarigela/.m2/repository/velocity/velocity-dep/1.4/velocity-dep-1.4.jar:/Users/venuarigela/.m2/repository/org/jsoup/jsoup/1.7.3/jsoup-1.7.3.jar:/Users/venuarigela/.m2/repository/org/apache/maven/surefire/surefire-testng-utils/2.20.1/surefire-testng-utils-2.20.1.jar:/Users/venuarigela/.m2/repository/org/apache/maven/surefire/surefire-grouper/2.20.1/surefire-grouper-2.20.1.jar:"/>
    <property name="java.vm.vendor" value="Oracle Corporation"/>
    <property name="sun.arch.data.model" value="64"/>
    <property name="java.vendor.url" value="http://java.oracle.com/"/>
    <property name="user.timezone" value=""/>
    <property name="java.vm.specification.version" value="1.8"/>
    <property name="os.name" value="Mac OS X"/>
    <property name="user.country" value="US"/>
    <property name="sun.java.launcher" value="SUN_STANDARD"/>
    <property name="sun.boot.library.path" value="/Library/Java/JavaVirtualMachines/jdk1.8.0_121.jdk/Contents/Home/jre/lib"/>
    <property name="sun.java.command" value="/Users/venuarigela/Desktop/pom-automation/target/surefire/surefirebooter7827977822473442517.jar /Users/venuarigela/Desktop/pom-automation/target/surefire 2017-12-12T15-50-44_781-jvmRun1 surefire6047491364318012386tmp surefire_02738256584876287333tmp"/>
    <property name="http.nonProxyHosts" value="local|*.local|169.254/16|*.169.254/16"/>
    <property name="surefire.test.class.path" value="/Users/venuarigela/Desktop/pom-automation/target/test-classes:/Users/venuarigela/Desktop/pom-automation/target/classes:/Users/venuarigela/.m2/repository/com/google/inject/guice/3.0/guice-3.0.jar:/Users/venuarigela/.m2/repository/javax/inject/javax.inject/1/javax.inject-1.jar:/Users/venuarigela/.m2/repository/aopalliance/aopalliance/1.0/aopalliance-1.0.jar:/Users/venuarigela/.m2/repository/org/seleniumhq/selenium/selenium-support/3.3.0/selenium-support-3.3.0.jar:/Users/venuarigela/.m2/repository/org/seleniumhq/selenium/selenium-remote-driver/3.3.0/selenium-remote-driver-3.3.0.jar:/Users/venuarigela/.m2/repository/org/seleniumhq/selenium/selenium-api/3.3.0/selenium-api-3.3.0.jar:/Users/venuarigela/.m2/repository/cglib/cglib-nodep/3.2.4/cglib-nodep-3.2.4.jar:/Users/venuarigela/.m2/repository/org/apache/commons/commons-exec/1.3/commons-exec-1.3.jar:/Users/venuarigela/.m2/repository/com/google/code/gson/gson/2.8.0/gson-2.8.0.jar:/Users/venuarigela/.m2/repository/org/apache/httpcomponents/httpclient/4.5.2/httpclient-4.5.2.jar:/Users/venuarigela/.m2/repository/org/apache/httpcomponents/httpcore/4.4.4/httpcore-4.4.4.jar:/Users/venuarigela/.m2/repository/commons-logging/commons-logging/1.2/commons-logging-1.2.jar:/Users/venuarigela/.m2/repository/commons-codec/commons-codec/1.9/commons-codec-1.9.jar:/Users/venuarigela/.m2/repository/net/java/dev/jna/jna-platform/4.1.0/jna-platform-4.1.0.jar:/Users/venuarigela/.m2/repository/net/java/dev/jna/jna/4.1.0/jna-4.1.0.jar:/Users/venuarigela/.m2/repository/org/hamcrest/hamcrest-library/1.3/hamcrest-library-1.3.jar:/Users/venuarigela/.m2/repository/org/hamcrest/hamcrest-core/1.3/hamcrest-core-1.3.jar:/Users/venuarigela/.m2/repository/junit/junit/4.12/junit-4.12.jar:/Users/venuarigela/.m2/repository/org/seleniumhq/selenium/selenium-server/3.3.0/selenium-server-3.3.0.jar:/Users/venuarigela/.m2/repository/org/seleniumhq/selenium/selenium-java/3.3.0/selenium-java-3.3.0.jar:/Users/venuarigela/.m2/repository/org/seleniumhq/selenium/selenium-chrome-driver/3.3.0/selenium-chrome-driver-3.3.0.jar:/Users/venuarigela/.m2/repository/org/seleniumhq/selenium/selenium-edge-driver/3.3.0/selenium-edge-driver-3.3.0.jar:/Users/venuarigela/.m2/repository/org/seleniumhq/selenium/selenium-firefox-driver/3.3.0/selenium-firefox-driver-3.3.0.jar:/Users/venuarigela/.m2/repository/org/seleniumhq/selenium/selenium-ie-driver/3.3.0/selenium-ie-driver-3.3.0.jar:/Users/venuarigela/.m2/repository/org/seleniumhq/selenium/selenium-opera-driver/3.3.0/selenium-opera-driver-3.3.0.jar:/Users/venuarigela/.m2/repository/org/seleniumhq/selenium/selenium-safari-driver/3.3.0/selenium-safari-driver-3.3.0.jar:/Users/venuarigela/.m2/repository/com/codeborne/phantomjsdriver/1.4.0/phantomjsdriver-1.4.0.jar:/Users/venuarigela/.m2/repository/org/seleniumhq/selenium/htmlunit-driver/2.24/htmlunit-driver-2.24.jar:/Users/venuarigela/.m2/repository/net/sourceforge/htmlunit/htmlunit/2.24/htmlunit-2.24.jar:/Users/venuarigela/.m2/repository/xalan/xalan/2.7.2/xalan-2.7.2.jar:/Users/venuarigela/.m2/repository/xalan/serializer/2.7.2/serializer-2.7.2.jar:/Users/venuarigela/.m2/repository/org/apache/commons/commons-lang3/3.5/commons-lang3-3.5.jar:/Users/venuarigela/.m2/repository/org/apache/httpcomponents/httpmime/4.5.2/httpmime-4.5.2.jar:/Users/venuarigela/.m2/repository/net/sourceforge/htmlunit/htmlunit-core-js/2.23/htmlunit-core-js-2.23.jar:/Users/venuarigela/.m2/repository/net/sourceforge/htmlunit/neko-htmlunit/2.24/neko-htmlunit-2.24.jar:/Users/venuarigela/.m2/repository/xerces/xercesImpl/2.11.0/xercesImpl-2.11.0.jar:/Users/venuarigela/.m2/repository/xml-apis/xml-apis/1.4.01/xml-apis-1.4.01.jar:/Users/venuarigela/.m2/repository/net/sourceforge/cssparser/cssparser/0.9.21/cssparser-0.9.21.jar:/Users/venuarigela/.m2/repository/org/w3c/css/sac/1.3/sac-1.3.jar:/Users/venuarigela/.m2/repository/commons-io/commons-io/2.5/commons-io-2.5.jar:/Users/venuarigela/.m2/repository/org/eclipse/jetty/websocket/websocket-client/9.2.20.v20161216/websocket-client-9.2.20.v20161216.jar:/Users/venuarigela/.m2/repository/org/eclipse/jetty/jetty-util/9.2.20.v20161216/jetty-util-9.2.20.v20161216.jar:/Users/venuarigela/.m2/repository/org/eclipse/jetty/jetty-io/9.2.20.v20161216/jetty-io-9.2.20.v20161216.jar:/Users/venuarigela/.m2/repository/org/eclipse/jetty/websocket/websocket-common/9.2.20.v20161216/websocket-common-9.2.20.v20161216.jar:/Users/venuarigela/.m2/repository/org/eclipse/jetty/websocket/websocket-api/9.2.20.v20161216/websocket-api-9.2.20.v20161216.jar:/Users/venuarigela/.m2/repository/com/beust/jcommander/1.48/jcommander-1.48.jar:/Users/venuarigela/.m2/repository/net/jcip/jcip-annotations/1.0/jcip-annotations-1.0.jar:/Users/venuarigela/.m2/repository/org/seleniumhq/selenium/jetty-repacked/9.4.1.v20170120/jetty-repacked-9.4.1.v20170120.jar:/Users/venuarigela/.m2/repository/javax/servlet/javax.servlet-api/3.1.0/javax.servlet-api-3.1.0.jar:/Users/venuarigela/.m2/repository/org/yaml/snakeyaml/1.15/snakeyaml-1.15.jar:/Users/venuarigela/.m2/repository/org/testng/testng/6.8.5/testng-6.8.5.jar:/Users/venuarigela/.m2/repository/org/beanshell/bsh/2.0b4/bsh-2.0b4.jar:/Users/venuarigela/.m2/repository/com/google/guava/guava/21.0/guava-21.0.jar:/Users/venuarigela/.m2/repository/org/uncommons/reportng/1.1.2/reportng-1.1.2.jar:/Users/venuarigela/.m2/repository/velocity/velocity/1.4/velocity-1.4.jar:/Users/venuarigela/.m2/repository/velocity/velocity-dep/1.4/velocity-dep-1.4.jar:/Users/venuarigela/.m2/repository/org/jsoup/jsoup/1.7.3/jsoup-1.7.3.jar:/Users/venuarigela/.m2/repository/org/apache/maven/surefire/surefire-testng-utils/2.20.1/surefire-testng-utils-2.20.1.jar:/Users/venuarigela/.m2/repository/org/apache/maven/surefire/surefire-grouper/2.20.1/surefire-grouper-2.20.1.jar:"/>
    <property name="sun.cpu.endian" value="little"/>
    <property name="user.home" value="/Users/venuarigela"/>
    <property name="user.language" value="en"/>
    <property name="java.specification.vendor" value="Oracle Corporation"/>
    <property name="java.home" value="/Library/Java/JavaVirtualMachines/jdk1.8.0_121.jdk/Contents/Home/jre"/>
    <property name="basedir" value="/Users/venuarigela/Desktop/pom-automation"/>
    <property name="file.separator" value="/"/>
    <property name="line.separator" value="&#10;"/>
    <property name="java.vm.specification.vendor" value="Oracle Corporation"/>
    <property name="java.specification.name" value="Java Platform API Specification"/>
    <property name="java.awt.graphicsenv" value="sun.awt.CGraphicsEnvironment"/>
    <property name="surefire.real.class.path" value="/Users/venuarigela/Desktop/pom-automation/target/surefire/surefirebooter7827977822473442517.jar"/>
    <property name="sun.boot.class.path" value="/Library/Java/JavaVirtualMachines/jdk1.8.0_121.jdk/Contents/Home/jre/lib/resources.jar:/Library/Java/JavaVirtualMachines/jdk1.8.0_121.jdk/Contents/Home/jre/lib/rt.jar:/Library/Java/JavaVirtualMachines/jdk1.8.0_121.jdk/Contents/Home/jre/lib/sunrsasign.jar:/Library/Java/JavaVirtualMachines/jdk1.8.0_121.jdk/Contents/Home/jre/lib/jsse.jar:/Library/Java/JavaVirtualMachines/jdk1.8.0_121.jdk/Contents/Home/jre/lib/jce.jar:/Library/Java/JavaVirtualMachines/jdk1.8.0_121.jdk/Contents/Home/jre/lib/charsets.jar:/Library/Java/JavaVirtualMachines/jdk1.8.0_121.jdk/Contents/Home/jre/lib/jfr.jar:/Library/Java/JavaVirtualMachines/jdk1.8.0_121.jdk/Contents/Home/jre/classes"/>
    <property name="sun.management.compiler" value="HotSpot 64-Bit Tiered Compilers"/>
    <property name="ftp.nonProxyHosts" value="local|*.local|169.254/16|*.169.254/16"/>
    <property name="java.runtime.version" value="1.8.0_121-b13"/>
    <property name="user.name" value="venuarigela"/>
    <property name="path.separator" value=":"/>
    <property name="os.version" value="10.12.3"/>
    <property name="java.endorsed.dirs" value="/Library/Java/JavaVirtualMachines/jdk1.8.0_121.jdk/Contents/Home/jre/lib/endorsed"/>
    <property name="java.runtime.name" value="Java(TM) SE Runtime Environment"/>
    <property name="file.encoding" value="UTF-8"/>
    <property name="java.vm.name" value="Java HotSpot(TM) 64-Bit Server VM"/>
    <property name="localRepository" value="/Users/venuarigela/.m2/repository"/>
    <property name="java.vendor.url.bug" value="http://bugreport.sun.com/bugreport/"/>
    <property name="java.io.tmpdir" value="/var/folders/wh/vlkw1jtj1p7_cdr8cg4ldvhh0000gn/T/"/>
    <property name="java.version" value="1.8.0_121"/>
    <property name="user.dir" value="/Users/venuarigela/Desktop/pom-automation"/>
    <property name="os.arch" value="x86_64"/>
    <property name="java.vm.specification.name" value="Java Virtual Machine Specification"/>
    <property name="java.awt.printerjob" value="sun.lwawt.macosx.CPrinterJob"/>
    <property name="sun.os.patch.level" value="unknown"/>
    <property name="java.library.path" value="/Users/venuarigela/Library/Java/Extensions:/Library/Java/Extensions:/Network/Library/Java/Extensions:/System/Library/Java/Extensions:/usr/lib/java:."/>
    <property name="java.vm.info" value="mixed mode"/>
    <property name="java.vendor" value="Oracle Corporation"/>
    <property name="java.vm.version" value="25.121-b13"/>
    <property name="java.ext.dirs" value="/Users/venuarigela/Library/Java/Extensions:/Library/Java/JavaVirtualMachines/jdk1.8.0_121.jdk/Contents/Home/jre/lib/ext:/Library/Java/Extensions:/Network/Library/Java/Extensions:/System/Library/Java/Extensions:/usr/lib/java"/>
    <property name="sun.io.unicode.encoding" value="UnicodeBig"/>
    <property name="java.class.version" value="52.0"/>
    <property name="socksNonProxyHosts" value="local|*.local|169.254/16|*.169.254/16"/>
  </properties>
  <testcase name="verifyPageNavigationTest" classname="com.uptake.core.tests.AgriPageNavigationTest" time="6.466"/>
</testsuite>