<?xml version="1.0" encoding="UTF-8"?>
<!-- Generated by org.testng.reporters.JUnitReportReporter -->
<testsuite hostname="1178578-C02SH1NDG8WP" name="com.uptake.core.tests.AgriPageNavigationTest" tests="1" failures="0" timestamp="12 Dec 2017 21:50:55 GMT" time="10.002" errors="0">
  <testcase name="verifyPageNavigationTest" time="10.002" classname="com.uptake.core.tests.AgriPageNavigationTest"/>
</testsuite> <!-- com.uptake.core.tests.AgriPageNavigationTest -->
